<?xml version="1.0" encoding="UTF-8"?>
<!-- Generated by org.testng.reporters.JUnitReportReporter -->
<testsuite hostname="DESKTOP-KV0L4EE" failures="0" tests="3" name="TestClass.LoginPage1" time="6.015" errors="0" timestamp="2022-09-15T09:51:57 IST" skipped="0">
  <testcase classname="TestClass.LoginPage1" name="verifyuser" time="0.337"/>
  <system-out/>
  <testcase classname="TestClass.LoginPage1" name="verifypass" time="2.862"/>
  <system-out/>
  <testcase classname="TestClass.LoginPage1" name="verifyloginbtn" time="2.816"/>
  <system-out/>
</testsuite> <!-- TestClass.LoginPage1 -->
