<?xml version="1.0" encoding="UTF-8"?>
<!-- Generated by org.testng.reporters.JUnitReportReporter -->
<testsuite hostname="DESKTOP-KV0L4EE" failures="0" tests="2" name="TestClass.PinPageVerify" time="4.600" errors="0" timestamp="2022-09-15T09:51:57 IST" skipped="1">
  <testcase classname="TestClass.PinPageVerify" name="verifypinno" time="4.600"/>
  <system-out/>
  <testcase classname="TestClass.PinPageVerify" name="checkuseridonpinPage">
    <skipped/>
  </testcase> <!-- checkuseridonpinPage -->
  <system-out/>
</testsuite> <!-- TestClass.PinPageVerify -->
