<?xml version="1.0" encoding="UTF-8"?>
<!-- Generated by org.testng.reporters.JUnitReportReporter -->
<testsuite hostname="DESKTOP-KV0L4EE" failures="0" tests="1" name="TestClass.TestLoginPage" time="0.983" errors="0" timestamp="2022-09-15T08:35:58 IST" skipped="0">
  <testcase classname="TestClass.TestLoginPage" name="verifylgoinpage" time="0.983"/>
  <system-out/>
</testsuite> <!-- TestClass.TestLoginPage -->
